{"/Users/deepakkumarjha/Desktop/React Practical/comment-section-comp/src/App.tsx": {"path":"/Users/deepakkumarjha/Desktop/React Practical/comment-section-comp/src/App.tsx","statementMap":{"0":{"start":{"line":6,"column":23},"end":{"line":6,"column":31}},"1":{"start":{"line":8,"column":2},"end":{"line":13,"column":4}}},"fnMap":{"0":{"name":"App","decl":{"start":{"line":5,"column":9},"end":{"line":5,"column":12}},"loc":{"start":{"line":5,"column":15},"end":{"line":14,"column":1}},"line":5}},"branchMap":{},"s":{"0":1,"1":1},"f":{"0":1},"b":{},"_coverageSchema":"1a1c01bbd47fc00a2c39e90264f33305004495a9","hash":"2416984619a3cf6f520d42af0fbfe7b87b77f963"}
,"/Users/deepakkumarjha/Desktop/React Practical/comment-section-comp/src/main.jsx": {"path":"/Users/deepakkumarjha/Desktop/React Practical/comment-section-comp/src/main.jsx","statementMap":{"0":{"start":{"line":6,"column":0},"end":{"line":10,"column":1}}},"fnMap":{},"branchMap":{},"s":{"0":0},"f":{},"b":{}}
,"/Users/deepakkumarjha/Desktop/React Practical/comment-section-comp/src/types.ts": {"path":"/Users/deepakkumarjha/Desktop/React Practical/comment-section-comp/src/types.ts","statementMap":{},"fnMap":{},"branchMap":{},"s":{},"f":{},"b":{}}
,"/Users/deepakkumarjha/Desktop/React Practical/comment-section-comp/src/comment/CommentContainer.tsx": {"path":"/Users/deepakkumarjha/Desktop/React Practical/comment-section-comp/src/comment/CommentContainer.tsx","statementMap":{"0":{"start":{"line":7,"column":40},"end":{"line":7,"column":62}},"1":{"start":{"line":9,"column":21},"end":{"line":12,"column":3}},"2":{"start":{"line":10,"column":28},"end":{"line":10,"column":79}},"3":{"start":{"line":11,"column":4},"end":{"line":11,"column":36}},"4":{"start":{"line":13,"column":24},"end":{"line":16,"column":3}},"5":{"start":{"line":14,"column":28},"end":{"line":14,"column":74}},"6":{"start":{"line":15,"column":4},"end":{"line":15,"column":36}},"7":{"start":{"line":18,"column":2},"end":{"line":26,"column":4}}},"fnMap":{"0":{"name":"CommentsContainer","decl":{"start":{"line":6,"column":9},"end":{"line":6,"column":26}},"loc":{"start":{"line":6,"column":45},"end":{"line":27,"column":1}},"line":6},"1":{"name":"(anonymous_1)","decl":{"start":{"line":9,"column":21},"end":{"line":9,"column":22}},"loc":{"start":{"line":9,"column":60},"end":{"line":12,"column":3}},"line":9},"2":{"name":"(anonymous_2)","decl":{"start":{"line":13,"column":24},"end":{"line":13,"column":25}},"loc":{"start":{"line":13,"column":43},"end":{"line":16,"column":3}},"line":13}},"branchMap":{},"s":{"0":1,"1":1,"2":0,"3":0,"4":1,"5":0,"6":0,"7":1},"f":{"0":1,"1":0,"2":0},"b":{},"_coverageSchema":"1a1c01bbd47fc00a2c39e90264f33305004495a9","hash":"894c2e4917cbe538f1a302318f36f607ebce8410"}
,"/Users/deepakkumarjha/Desktop/React Practical/comment-section-comp/src/comment/CommentItem.tsx": {"path":"/Users/deepakkumarjha/Desktop/React Practical/comment-section-comp/src/comment/CommentItem.tsx","statementMap":{"0":{"start":{"line":7,"column":35},"end":{"line":7,"column":50}},"1":{"start":{"line":8,"column":16},"end":{"line":10,"column":3}},"2":{"start":{"line":9,"column":4},"end":{"line":9,"column":28}},"3":{"start":{"line":11,"column":25},"end":{"line":16,"column":3}},"4":{"start":{"line":12,"column":4},"end":{"line":15,"column":5}},"5":{"start":{"line":13,"column":6},"end":{"line":13,"column":42}},"6":{"start":{"line":14,"column":6},"end":{"line":14,"column":30}},"7":{"start":{"line":17,"column":19},"end":{"line":17,"column":47}},"8":{"start":{"line":17,"column":25},"end":{"line":17,"column":47}},"9":{"start":{"line":18,"column":2},"end":{"line":43,"column":4}}},"fnMap":{"0":{"name":"CommentItem","decl":{"start":{"line":6,"column":9},"end":{"line":6,"column":20}},"loc":{"start":{"line":6,"column":78},"end":{"line":44,"column":1}},"line":6},"1":{"name":"(anonymous_1)","decl":{"start":{"line":8,"column":16},"end":{"line":8,"column":17}},"loc":{"start":{"line":8,"column":22},"end":{"line":10,"column":3}},"line":8},"2":{"name":"(anonymous_2)","decl":{"start":{"line":11,"column":25},"end":{"line":11,"column":26}},"loc":{"start":{"line":11,"column":32},"end":{"line":16,"column":3}},"line":11},"3":{"name":"(anonymous_3)","decl":{"start":{"line":17,"column":19},"end":{"line":17,"column":20}},"loc":{"start":{"line":17,"column":25},"end":{"line":17,"column":47}},"line":17}},"branchMap":{"0":{"loc":{"start":{"line":12,"column":4},"end":{"line":15,"column":5}},"type":"if","locations":[{"start":{"line":12,"column":4},"end":{"line":15,"column":5}},{"start":{},"end":{}}],"line":12},"1":{"loc":{"start":{"line":33,"column":7},"end":{"line":41,"column":7}},"type":"binary-expr","locations":[{"start":{"line":33,"column":7},"end":{"line":33,"column":16}},{"start":{"line":34,"column":8},"end":{"line":40,"column":10}}],"line":33}},"s":{"0":4,"1":4,"2":0,"3":4,"4":0,"5":0,"6":0,"7":4,"8":0,"9":4},"f":{"0":4,"1":0,"2":0,"3":0},"b":{"0":[0,0],"1":[4,0]},"_coverageSchema":"1a1c01bbd47fc00a2c39e90264f33305004495a9","hash":"2afd5bb1d4645a1776189552c137b0365258cc4b"}
,"/Users/deepakkumarjha/Desktop/React Practical/comment-section-comp/src/comment/CommentList.tsx": {"path":"/Users/deepakkumarjha/Desktop/React Practical/comment-section-comp/src/comment/CommentList.tsx","statementMap":{"0":{"start":{"line":7,"column":22},"end":{"line":16,"column":3}},"1":{"start":{"line":8,"column":4},"end":{"line":15,"column":7}},"2":{"start":{"line":9,"column":6},"end":{"line":14,"column":8}},"3":{"start":{"line":17,"column":2},"end":{"line":21,"column":4}}},"fnMap":{"0":{"name":"CommentList","decl":{"start":{"line":6,"column":9},"end":{"line":6,"column":20}},"loc":{"start":{"line":6,"column":53},"end":{"line":22,"column":1}},"line":6},"1":{"name":"(anonymous_1)","decl":{"start":{"line":7,"column":22},"end":{"line":7,"column":23}},"loc":{"start":{"line":7,"column":51},"end":{"line":16,"column":3}},"line":7},"2":{"name":"(anonymous_2)","decl":{"start":{"line":8,"column":29},"end":{"line":8,"column":30}},"loc":{"start":{"line":8,"column":39},"end":{"line":15,"column":5}},"line":8}},"branchMap":{"0":{"loc":{"start":{"line":12,"column":11},"end":{"line":12,"column":69}},"type":"binary-expr","locations":[{"start":{"line":12,"column":11},"end":{"line":12,"column":37}},{"start":{"line":12,"column":41},"end":{"line":12,"column":69}}],"line":12}},"s":{"0":1,"1":3,"2":4,"3":1},"f":{"0":1,"1":3,"2":4},"b":{"0":[4,2]},"_coverageSchema":"1a1c01bbd47fc00a2c39e90264f33305004495a9","hash":"93aafd8bd193c91f339431d330e8117c00ad7e85"}
,"/Users/deepakkumarjha/Desktop/React Practical/comment-section-comp/src/comment/dumyComment.ts": {"path":"/Users/deepakkumarjha/Desktop/React Practical/comment-section-comp/src/comment/dumyComment.ts","statementMap":{"0":{"start":{"line":1,"column":24},"end":{"line":18,"column":1}}},"fnMap":{},"branchMap":{},"s":{"0":1},"f":{},"b":{},"_coverageSchema":"1a1c01bbd47fc00a2c39e90264f33305004495a9","hash":"76d6923ceecd4c7dfb2d509378f232c6b6652669"}
,"/Users/deepakkumarjha/Desktop/React Practical/comment-section-comp/src/comment/helper.ts": {"path":"/Users/deepakkumarjha/Desktop/React Practical/comment-section-comp/src/comment/helper.ts","statementMap":{"0":{"start":{"line":3,"column":29},"end":{"line":36,"column":1}},"1":{"start":{"line":9,"column":21},"end":{"line":9,"column":46}},"2":{"start":{"line":11,"column":2},"end":{"line":15,"column":3}},"3":{"start":{"line":12,"column":4},"end":{"line":14,"column":6}},"4":{"start":{"line":13,"column":16},"end":{"line":13,"column":52}},"5":{"start":{"line":16,"column":2},"end":{"line":33,"column":3}},"6":{"start":{"line":17,"column":4},"end":{"line":32,"column":5}},"7":{"start":{"line":18,"column":6},"end":{"line":24,"column":7}},"8":{"start":{"line":19,"column":8},"end":{"line":23,"column":11}},"9":{"start":{"line":25,"column":11},"end":{"line":32,"column":5}},"10":{"start":{"line":26,"column":6},"end":{"line":31,"column":8}},"11":{"start":{"line":35,"column":2},"end":{"line":35,"column":22}}},"fnMap":{"0":{"name":"(anonymous_0)","decl":{"start":{"line":3,"column":29},"end":{"line":3,"column":30}},"loc":{"start":{"line":8,"column":5},"end":{"line":36,"column":1}},"line":8},"1":{"name":"(anonymous_1)","decl":{"start":{"line":13,"column":6},"end":{"line":13,"column":7}},"loc":{"start":{"line":13,"column":16},"end":{"line":13,"column":52}},"line":13}},"branchMap":{"0":{"loc":{"start":{"line":11,"column":2},"end":{"line":15,"column":3}},"type":"if","locations":[{"start":{"line":11,"column":2},"end":{"line":15,"column":3}},{"start":{},"end":{}}],"line":11},"1":{"loc":{"start":{"line":17,"column":4},"end":{"line":32,"column":5}},"type":"if","locations":[{"start":{"line":17,"column":4},"end":{"line":32,"column":5}},{"start":{"line":25,"column":11},"end":{"line":32,"column":5}}],"line":17},"2":{"loc":{"start":{"line":18,"column":6},"end":{"line":24,"column":7}},"type":"if","locations":[{"start":{"line":18,"column":6},"end":{"line":24,"column":7}},{"start":{},"end":{}}],"line":18},"3":{"loc":{"start":{"line":25,"column":11},"end":{"line":32,"column":5}},"type":"if","locations":[{"start":{"line":25,"column":11},"end":{"line":32,"column":5}},{"start":{},"end":{}}],"line":25}},"s":{"0":1,"1":0,"2":0,"3":0,"4":0,"5":0,"6":0,"7":0,"8":0,"9":0,"10":0,"11":0},"f":{"0":0,"1":0},"b":{"0":[0,0],"1":[0,0],"2":[0,0],"3":[0,0]},"_coverageSchema":"1a1c01bbd47fc00a2c39e90264f33305004495a9","hash":"327d5f2b39a2b86eecc06981da01c25fa6eed0a3"}
}
