<?xml version="1.0" encoding="UTF-8"?>
<coverage generated="1751876958115" clover="3.2.0">
  <project timestamp="1751876958115" name="All files">
    <metrics statements="23" coveredstatements="21" conditionals="6" coveredconditionals="5" methods="16" coveredmethods="15" elements="45" coveredelements="41" complexity="0" loc="23" ncloc="23" packages="5" files="6" classes="6"/>
    <package name="src">
      <metrics statements="2" coveredstatements="1" conditionals="0" coveredconditionals="0" methods="1" coveredmethods="1"/>
      <file name="App.tsx" path="/Users/deepakkumarjha/Desktop/React Practical/test-cases/dumy-test-cases-react/src/App.tsx">
        <metrics statements="1" coveredstatements="1" conditionals="0" coveredconditionals="0" methods="1" coveredmethods="1"/>
        <line num="6" count="1" type="stmt"/>
      </file>
      <file name="main.jsx" path="/Users/deepakkumarjha/Desktop/React Practical/test-cases/dumy-test-cases-react/src/main.jsx">
        <metrics statements="1" coveredstatements="0" conditionals="0" coveredconditionals="0" methods="0" coveredmethods="0"/>
        <line num="6" count="0" type="stmt"/>
      </file>
    </package>
    <package name="src.application">
      <metrics statements="1" coveredstatements="0" conditionals="0" coveredconditionals="0" methods="1" coveredmethods="0"/>
      <file name="Application.tsx" path="/Users/deepakkumarjha/Desktop/React Practical/test-cases/dumy-test-cases-react/src/application/Application.tsx">
        <metrics statements="1" coveredstatements="0" conditionals="0" coveredconditionals="0" methods="1" coveredmethods="0"/>
        <line num="4" count="0" type="stmt"/>
      </file>
    </package>
    <package name="src.components.counter">
      <metrics statements="7" coveredstatements="7" conditionals="0" coveredconditionals="0" methods="5" coveredmethods="5"/>
      <file name="counter.tsx" path="/Users/deepakkumarjha/Desktop/React Practical/test-cases/dumy-test-cases-react/src/components/counter/counter.tsx">
        <metrics statements="7" coveredstatements="7" conditionals="0" coveredconditionals="0" methods="5" coveredmethods="5"/>
        <line num="5" count="13" type="stmt"/>
        <line num="6" count="13" type="stmt"/>
        <line num="7" count="13" type="stmt"/>
        <line num="14" count="2" type="stmt"/>
        <line num="18" count="1" type="stmt"/>
        <line num="24" count="2" type="stmt"/>
        <line num="30" count="1" type="stmt"/>
      </file>
    </package>
    <package name="src.hooks">
      <metrics statements="4" coveredstatements="4" conditionals="1" coveredconditionals="0" methods="3" coveredmethods="3"/>
      <file name="useCounterHook.tsx" path="/Users/deepakkumarjha/Desktop/React Practical/test-cases/dumy-test-cases-react/src/hooks/useCounterHook.tsx">
        <metrics statements="4" coveredstatements="4" conditionals="1" coveredconditionals="0" methods="3" coveredmethods="3"/>
        <line num="4" count="5" type="stmt"/>
        <line num="6" count="5" type="stmt"/>
        <line num="7" count="5" type="stmt"/>
        <line num="9" count="5" type="stmt"/>
      </file>
    </package>
    <package name="src.skills">
      <metrics statements="9" coveredstatements="9" conditionals="5" coveredconditionals="5" methods="6" coveredmethods="6"/>
      <file name="skills.jsx" path="/Users/deepakkumarjha/Desktop/React Practical/test-cases/dumy-test-cases-react/src/skills/skills.jsx">
        <metrics statements="9" coveredstatements="9" conditionals="5" coveredconditionals="5" methods="6" coveredmethods="6"/>
        <line num="4" count="24" type="stmt"/>
        <line num="5" count="24" type="stmt"/>
        <line num="6" count="24" type="stmt"/>
        <line num="8" count="24" type="stmt"/>
        <line num="9" count="8" type="stmt"/>
        <line num="10" count="8" type="stmt"/>
        <line num="12" count="24" type="stmt"/>
        <line num="19" count="13" type="stmt"/>
        <line num="21" count="15" type="stmt"/>
      </file>
    </package>
  </project>
</coverage>
