{"/Users/deepakkumarjha/Desktop/React Practical/test-cases/dumy-test-cases-react/src/App.tsx": {"path":"/Users/deepakkumarjha/Desktop/React Practical/test-cases/dumy-test-cases-react/src/App.tsx","statementMap":{"0":{"start":{"line":6,"column":2},"end":{"line":11,"column":4}}},"fnMap":{"0":{"name":"App","decl":{"start":{"line":5,"column":9},"end":{"line":5,"column":12}},"loc":{"start":{"line":5,"column":15},"end":{"line":12,"column":1}},"line":5}},"branchMap":{},"s":{"0":1},"f":{"0":1},"b":{},"_coverageSchema":"1a1c01bbd47fc00a2c39e90264f33305004495a9","hash":"6dbb067a869d6ca568ec2ad7f884d53677f64f25"}
,"/Users/deepakkumarjha/Desktop/React Practical/test-cases/dumy-test-cases-react/src/main.jsx": {"path":"/Users/deepakkumarjha/Desktop/React Practical/test-cases/dumy-test-cases-react/src/main.jsx","statementMap":{"0":{"start":{"line":6,"column":0},"end":{"line":10,"column":1}}},"fnMap":{},"branchMap":{},"s":{"0":0},"f":{},"b":{}}
,"/Users/deepakkumarjha/Desktop/React Practical/test-cases/dumy-test-cases-react/src/application/Application.tsx": {"path":"/Users/deepakkumarjha/Desktop/React Practical/test-cases/dumy-test-cases-react/src/application/Application.tsx","statementMap":{"0":{"start":{"line":4,"column":2},"end":{"line":45,"column":4}}},"fnMap":{"0":{"name":"Application","decl":{"start":{"line":3,"column":9},"end":{"line":3,"column":20}},"loc":{"start":{"line":3,"column":23},"end":{"line":46,"column":1}},"line":3}},"branchMap":{},"s":{"0":0},"f":{"0":0},"b":{},"_coverageSchema":"1a1c01bbd47fc00a2c39e90264f33305004495a9","hash":"347c626807250e823b94c20c406e60cc704c4077"}
,"/Users/deepakkumarjha/Desktop/React Practical/test-cases/dumy-test-cases-react/src/components/counter/counter.tsx": {"path":"/Users/deepakkumarjha/Desktop/React Practical/test-cases/dumy-test-cases-react/src/components/counter/counter.tsx","statementMap":{"0":{"start":{"line":5,"column":28},"end":{"line":5,"column":39}},"1":{"start":{"line":6,"column":30},"end":{"line":6,"column":41}},"2":{"start":{"line":7,"column":2},"end":{"line":35,"column":4}},"3":{"start":{"line":14,"column":25},"end":{"line":14,"column":60}},"4":{"start":{"line":18,"column":23},"end":{"line":18,"column":42}},"5":{"start":{"line":24,"column":23},"end":{"line":24,"column":42}},"6":{"start":{"line":30,"column":23},"end":{"line":30,"column":39}}},"fnMap":{"0":{"name":"Counter","decl":{"start":{"line":4,"column":9},"end":{"line":4,"column":16}},"loc":{"start":{"line":4,"column":19},"end":{"line":36,"column":1}},"line":4},"1":{"name":"(anonymous_1)","decl":{"start":{"line":14,"column":18},"end":{"line":14,"column":19}},"loc":{"start":{"line":14,"column":25},"end":{"line":14,"column":60}},"line":14},"2":{"name":"(anonymous_2)","decl":{"start":{"line":18,"column":17},"end":{"line":18,"column":18}},"loc":{"start":{"line":18,"column":23},"end":{"line":18,"column":42}},"line":18},"3":{"name":"(anonymous_3)","decl":{"start":{"line":24,"column":17},"end":{"line":24,"column":18}},"loc":{"start":{"line":24,"column":23},"end":{"line":24,"column":42}},"line":24},"4":{"name":"(anonymous_4)","decl":{"start":{"line":30,"column":17},"end":{"line":30,"column":18}},"loc":{"start":{"line":30,"column":23},"end":{"line":30,"column":39}},"line":30}},"branchMap":{},"s":{"0":13,"1":13,"2":13,"3":2,"4":1,"5":2,"6":1},"f":{"0":13,"1":2,"2":1,"3":2,"4":1},"b":{},"_coverageSchema":"1a1c01bbd47fc00a2c39e90264f33305004495a9","hash":"17a48c379cec03e76d25b56ab2962a5fa506ec88"}
,"/Users/deepakkumarjha/Desktop/React Practical/test-cases/dumy-test-cases-react/src/hooks/useCounterHook.tsx": {"path":"/Users/deepakkumarjha/Desktop/React Practical/test-cases/dumy-test-cases-react/src/hooks/useCounterHook.tsx","statementMap":{"0":{"start":{"line":4,"column":32},"end":{"line":4,"column":54}},"1":{"start":{"line":6,"column":20},"end":{"line":6,"column":49}},"2":{"start":{"line":6,"column":26},"end":{"line":6,"column":49}},"3":{"start":{"line":7,"column":20},"end":{"line":7,"column":49}},"4":{"start":{"line":7,"column":26},"end":{"line":7,"column":49}},"5":{"start":{"line":9,"column":2},"end":{"line":9,"column":43}}},"fnMap":{"0":{"name":"useCounterHook","decl":{"start":{"line":3,"column":9},"end":{"line":3,"column":23}},"loc":{"start":{"line":3,"column":73},"end":{"line":10,"column":1}},"line":3},"1":{"name":"(anonymous_1)","decl":{"start":{"line":6,"column":20},"end":{"line":6,"column":21}},"loc":{"start":{"line":6,"column":26},"end":{"line":6,"column":49}},"line":6},"2":{"name":"(anonymous_2)","decl":{"start":{"line":7,"column":20},"end":{"line":7,"column":21}},"loc":{"start":{"line":7,"column":26},"end":{"line":7,"column":49}},"line":7}},"branchMap":{"0":{"loc":{"start":{"line":3,"column":26},"end":{"line":3,"column":42}},"type":"default-arg","locations":[{"start":{"line":3,"column":41},"end":{"line":3,"column":42}}],"line":3}},"s":{"0":5,"1":5,"2":1,"3":5,"4":1,"5":5},"f":{"0":5,"1":1,"2":1},"b":{"0":[0]},"_coverageSchema":"1a1c01bbd47fc00a2c39e90264f33305004495a9","hash":"1d2eda2578a3eaae95e40e78eb6aca284df1f345"}
,"/Users/deepakkumarjha/Desktop/React Practical/test-cases/dumy-test-cases-react/src/skills/skills.jsx": {"path":"/Users/deepakkumarjha/Desktop/React Practical/test-cases/dumy-test-cases-react/src/skills/skills.jsx","statementMap":{"0":{"start":{"line":4,"column":32},"end":{"line":4,"column":47}},"1":{"start":{"line":5,"column":36},"end":{"line":5,"column":51}},"2":{"start":{"line":6,"column":28},"end":{"line":6,"column":40}},"3":{"start":{"line":8,"column":2},"end":{"line":11,"column":9}},"4":{"start":{"line":9,"column":4},"end":{"line":9,"column":44}},"5":{"start":{"line":9,"column":21},"end":{"line":9,"column":37}},"6":{"start":{"line":10,"column":4},"end":{"line":10,"column":47}},"7":{"start":{"line":10,"column":21},"end":{"line":10,"column":39}},"8":{"start":{"line":12,"column":2},"end":{"line":30,"column":4}},"9":{"start":{"line":19,"column":49},"end":{"line":19,"column":73}},"10":{"start":{"line":21,"column":10},"end":{"line":21,"column":38}}},"fnMap":{"0":{"name":"Skills","decl":{"start":{"line":3,"column":9},"end":{"line":3,"column":15}},"loc":{"start":{"line":3,"column":33},"end":{"line":31,"column":1}},"line":3},"1":{"name":"(anonymous_1)","decl":{"start":{"line":8,"column":12},"end":{"line":8,"column":13}},"loc":{"start":{"line":8,"column":18},"end":{"line":11,"column":3}},"line":8},"2":{"name":"(anonymous_2)","decl":{"start":{"line":9,"column":15},"end":{"line":9,"column":16}},"loc":{"start":{"line":9,"column":21},"end":{"line":9,"column":37}},"line":9},"3":{"name":"(anonymous_3)","decl":{"start":{"line":10,"column":15},"end":{"line":10,"column":16}},"loc":{"start":{"line":10,"column":21},"end":{"line":10,"column":39}},"line":10},"4":{"name":"(anonymous_4)","decl":{"start":{"line":19,"column":42},"end":{"line":19,"column":43}},"loc":{"start":{"line":19,"column":49},"end":{"line":19,"column":73}},"line":19},"5":{"name":"(anonymous_5)","decl":{"start":{"line":20,"column":20},"end":{"line":20,"column":21}},"loc":{"start":{"line":21,"column":10},"end":{"line":21,"column":38}},"line":21}},"branchMap":{"0":{"loc":{"start":{"line":3,"column":18},"end":{"line":3,"column":29}},"type":"default-arg","locations":[{"start":{"line":3,"column":27},"end":{"line":3,"column":29}}],"line":3},"1":{"loc":{"start":{"line":15,"column":7},"end":{"line":15,"column":41}},"type":"binary-expr","locations":[{"start":{"line":15,"column":7},"end":{"line":15,"column":14}},{"start":{"line":15,"column":18},"end":{"line":15,"column":41}}],"line":15},"2":{"loc":{"start":{"line":16,"column":7},"end":{"line":16,"column":44}},"type":"binary-expr","locations":[{"start":{"line":16,"column":7},"end":{"line":16,"column":16}},{"start":{"line":16,"column":20},"end":{"line":16,"column":44}}],"line":16}},"s":{"0":24,"1":24,"2":24,"3":24,"4":8,"5":6,"6":8,"7":6,"8":24,"9":13,"10":15},"f":{"0":24,"1":8,"2":6,"3":6,"4":13,"5":15},"b":{"0":[19],"1":[24,3],"2":[24,1]},"_coverageSchema":"1a1c01bbd47fc00a2c39e90264f33305004495a9","hash":"86e44019d49b7a7b931c21579395b7467ab71cde"}
}
