TN:
SF:src/App.tsx
FN:5,App
FNF:1
FNH:1
FNDA:1,App
DA:6,1
LF:1
LH:1
BRF:0
BRH:0
end_of_record
TN:
SF:src/main.jsx
FNF:0
FNH:0
DA:6,0
LF:1
LH:0
BRF:0
BRH:0
end_of_record
TN:
SF:src/application/Application.tsx
FN:3,Application
FNF:1
FNH:0
FNDA:0,Application
DA:4,0
LF:1
LH:0
BRF:0
BRH:0
end_of_record
TN:
SF:src/components/counter/counter.tsx
FN:4,Counter
FN:14,(anonymous_1)
FN:18,(anonymous_2)
FN:24,(anonymous_3)
FN:30,(anonymous_4)
FNF:5
FNH:5
FNDA:13,Counter
FNDA:2,(anonymous_1)
FNDA:1,(anonymous_2)
FNDA:2,(anonymous_3)
FNDA:1,(anonymous_4)
DA:5,13
DA:6,13
DA:7,13
DA:14,2
DA:18,1
DA:24,2
DA:30,1
LF:7
LH:7
BRF:0
BRH:0
end_of_record
TN:
SF:src/hooks/useCounterHook.tsx
FN:3,useCounterHook
FN:6,(anonymous_1)
FN:7,(anonymous_2)
FNF:3
FNH:3
FNDA:5,useCounterHook
FNDA:1,(anonymous_1)
FNDA:1,(anonymous_2)
DA:4,5
DA:6,5
DA:7,5
DA:9,5
LF:4
LH:4
BRDA:3,0,0,0
BRF:1
BRH:0
end_of_record
TN:
SF:src/skills/skills.jsx
FN:3,Skills
FN:8,(anonymous_1)
FN:9,(anonymous_2)
FN:10,(anonymous_3)
FN:19,(anonymous_4)
FN:20,(anonymous_5)
FNF:6
FNH:6
FNDA:24,Skills
FNDA:8,(anonymous_1)
FNDA:6,(anonymous_2)
FNDA:6,(anonymous_3)
FNDA:13,(anonymous_4)
FNDA:15,(anonymous_5)
DA:4,24
DA:5,24
DA:6,24
DA:8,24
DA:9,8
DA:10,8
DA:12,24
DA:19,13
DA:21,15
LF:9
LH:9
BRDA:3,0,0,19
BRDA:15,1,0,24
BRDA:15,1,1,3
BRDA:16,2,0,24
BRDA:16,2,1,1
BRF:5
BRH:5
end_of_record
